<?xml version="1.0" encoding="UTF-8"?>
<!-- Generated by org.testng.reporters.JUnitXMLReporter -->
<testsuite ignored="0" hostname="DESKTOP-1GNU0UT" failures="0" tests="1" name="Test" time="0.078" errors="0" timestamp="2022-09-14T17:48:36 IST">
  <testcase classname="CRM.generic.BaseClass" name="@BeforeClass configBC" time="0.014">
    <failure type="java.lang.NullPointerException" message="Cannot invoke &amp;quot;java.util.Properties.getProperty(String)&amp;quot; because &amp;quot;this.pro&amp;quot; is null">
      <![CDATA[java.lang.NullPointerException: Cannot invoke "java.util.Properties.getProperty(String)" because "this.pro" is null
at CRM.generic.FileUtility.getDataFromPropertyFile(FileUtility.java:19)
at CRM.generic.BaseClass.configBC(BaseClass.java:46)
at java.base/java.util.ArrayList.forEach(ArrayList.java:1511)
... Removed 25 stack frames]]>
    </failure>
  </testcase> <!-- @BeforeClass configBC -->
  <testcase classname="CRM.generic.BaseClass" name="@AfterClass configAC" time="-1.66315791621E9">
    <skipped/>
  </testcase> <!-- @AfterClass configAC -->
  <testcase classname="org.sdet40.practice.ScreenShotPracatice" name="screenshot" time="0.0">
    <skipped/>
  </testcase> <!-- screenshot -->
</testsuite> <!-- Test -->
